{"/Users/Jannaee.Sick@ibm.com/Repos/ATO-2020/crushed-bugs/src/components/ATOForm/ATOForm.js": {"path":"/Users/Jannaee.Sick@ibm.com/Repos/ATO-2020/crushed-bugs/src/components/ATOForm/ATOForm.js","statementMap":{"0":{"start":{"line":5,"column":16},"end":{"line":34,"column":1}},"1":{"start":{"line":6,"column":4},"end":{"line":33,"column":5}}},"fnMap":{"0":{"name":"(anonymous_0)","decl":{"start":{"line":5,"column":16},"end":{"line":5,"column":17}},"loc":{"start":{"line":5,"column":22},"end":{"line":34,"column":1}},"line":5}},"branchMap":{},"s":{"0":1,"1":2},"f":{"0":2},"b":{},"_coverageSchema":"43e27e138ebf9cfc5966b082cf9a028302ed4184","hash":"f788a11aed45d80012f17c0ff251a8c9dc3359b2"}
}
